{"C:\\laragon\\www\\projectDashboard\\resources\\js\\react\\global\\Loader.jsx": {"path":"C:\\laragon\\www\\projectDashboard\\resources\\js\\react\\global\\Loader.jsx","statementMap":{"0":{"start":{"line":1,"column":15},"end":{"line":23,"column":1}},"1":{"start":{"line":8,"column":4},"end":{"line":22,"column":6}}},"fnMap":{"0":{"name":"(anonymous_0)","decl":{"start":{"line":1,"column":15},"end":{"line":1,"column":16}},"loc":{"start":{"line":7,"column":6},"end":{"line":23,"column":1}},"line":7}},"branchMap":{"0":{"loc":{"start":{"line":2,"column":4},"end":{"line":2,"column":24}},"type":"default-arg","locations":[{"start":{"line":2,"column":12},"end":{"line":2,"column":24}}],"line":2},"1":{"loc":{"start":{"line":3,"column":4},"end":{"line":3,"column":18}},"type":"default-arg","locations":[{"start":{"line":3,"column":12},"end":{"line":3,"column":18}}],"line":3},"2":{"loc":{"start":{"line":4,"column":4},"end":{"line":4,"column":19}},"type":"default-arg","locations":[{"start":{"line":4,"column":13},"end":{"line":4,"column":19}}],"line":4},"3":{"loc":{"start":{"line":5,"column":4},"end":{"line":5,"column":46}},"type":"default-arg","locations":[{"start":{"line":5,"column":13},"end":{"line":5,"column":46}}],"line":5},"4":{"loc":{"start":{"line":6,"column":4},"end":{"line":6,"column":36}},"type":"default-arg","locations":[{"start":{"line":6,"column":23},"end":{"line":6,"column":36}}],"line":6}},"s":{"0":1,"1":2},"f":{"0":2},"b":{"0":[0],"1":[2],"2":[2],"3":[2],"4":[2]},"_coverageSchema":"1a1c01bbd47fc00a2c39e90264f33305004495a9","hash":"ab4701b87c92cc04a980eb2896726aee0350f45a"}
,"C:\\laragon\\www\\projectDashboard\\resources\\js\\react\\global\\Placeholder.jsx": {"path":"C:\\laragon\\www\\projectDashboard\\resources\\js\\react\\global\\Placeholder.jsx","statementMap":{"0":{"start":{"line":1,"column":27},"end":{"line":17,"column":1}},"1":{"start":{"line":7,"column":4},"end":{"line":16,"column":6}}},"fnMap":{"0":{"name":"(anonymous_0)","decl":{"start":{"line":1,"column":27},"end":{"line":1,"column":28}},"loc":{"start":{"line":6,"column":6},"end":{"line":17,"column":1}},"line":6}},"branchMap":{"0":{"loc":{"start":{"line":2,"column":4},"end":{"line":2,"column":18}},"type":"default-arg","locations":[{"start":{"line":2,"column":12},"end":{"line":2,"column":18}}],"line":2},"1":{"loc":{"start":{"line":3,"column":4},"end":{"line":3,"column":15}},"type":"default-arg","locations":[{"start":{"line":3,"column":13},"end":{"line":3,"column":15}}],"line":3},"2":{"loc":{"start":{"line":4,"column":4},"end":{"line":4,"column":18}},"type":"default-arg","locations":[{"start":{"line":4,"column":16},"end":{"line":4,"column":18}}],"line":4},"3":{"loc":{"start":{"line":5,"column":4},"end":{"line":5,"column":19}},"type":"default-arg","locations":[{"start":{"line":5,"column":11},"end":{"line":5,"column":19}}],"line":5},"4":{"loc":{"start":{"line":13,"column":30},"end":{"line":13,"column":63}},"type":"cond-expr","locations":[{"start":{"line":13,"column":50},"end":{"line":13,"column":55}},{"start":{"line":13,"column":58},"end":{"line":13,"column":63}}],"line":13}},"s":{"0":2,"1":0},"f":{"0":0},"b":{"0":[0],"1":[0],"2":[0],"3":[0],"4":[0,0]},"_coverageSchema":"1a1c01bbd47fc00a2c39e90264f33305004495a9","hash":"ede9267e0aaa3efbf060d07c332e3191204e9be7"}
,"C:\\laragon\\www\\projectDashboard\\resources\\js\\react\\global\\Switch.jsx": {"path":"C:\\laragon\\www\\projectDashboard\\resources\\js\\react\\global\\Switch.jsx","statementMap":{"0":{"start":{"line":3,"column":15},"end":{"line":7,"column":2}},"1":{"start":{"line":4,"column":4},"end":{"line":6,"column":5}},"2":{"start":{"line":9,"column":14},"end":{"line":14,"column":2}},"3":{"start":{"line":10,"column":3},"end":{"line":10,"column":30}},"4":{"start":{"line":10,"column":18},"end":{"line":10,"column":30}},"5":{"start":{"line":11,"column":3},"end":{"line":13,"column":4}},"6":{"start":{"line":16,"column":0},"end":{"line":16,"column":19}}},"fnMap":{"0":{"name":"(anonymous_0)","decl":{"start":{"line":3,"column":15},"end":{"line":3,"column":16}},"loc":{"start":{"line":3,"column":31},"end":{"line":7,"column":2}},"line":3},"1":{"name":"(anonymous_1)","decl":{"start":{"line":9,"column":14},"end":{"line":9,"column":15}},"loc":{"start":{"line":9,"column":41},"end":{"line":14,"column":2}},"line":9}},"branchMap":{"0":{"loc":{"start":{"line":10,"column":3},"end":{"line":10,"column":30}},"type":"if","locations":[{"start":{"line":10,"column":3},"end":{"line":10,"column":30}},{"start":{},"end":{}}],"line":10}},"s":{"0":2,"1":102,"2":2,"3":204,"4":102,"5":102,"6":2},"f":{"0":102,"1":204},"b":{"0":[102,102]},"_coverageSchema":"1a1c01bbd47fc00a2c39e90264f33305004495a9","hash":"20b0b223426565f91818a3a8236edbb16463076f"}
,"C:\\laragon\\www\\projectDashboard\\resources\\js\\react\\projects\\constants.js": {"path":"C:\\laragon\\www\\projectDashboard\\resources\\js\\react\\projects\\constants.js","statementMap":{"0":{"start":{"line":3,"column":53},"end":{"line":23,"column":2}},"1":{"start":{"line":3,"column":70},"end":{"line":23,"column":1}},"2":{"start":{"line":30,"column":27},"end":{"line":480,"column":1}},"3":{"start":{"line":483,"column":46},"end":{"line":647,"column":1}},"4":{"start":{"line":650,"column":47},"end":{"line":723,"column":1}},"5":{"start":{"line":727,"column":45},"end":{"line":756,"column":1}},"6":{"start":{"line":760,"column":37},"end":{"line":817,"column":1}},"7":{"start":{"line":820,"column":38},"end":{"line":837,"column":1}},"8":{"start":{"line":839,"column":33},"end":{"line":919,"column":1}},"9":{"start":{"line":922,"column":38},"end":{"line":1003,"column":1}},"10":{"start":{"line":1004,"column":43},"end":{"line":1077,"column":1}}},"fnMap":{"0":{"name":"(anonymous_0)","decl":{"start":{"line":3,"column":53},"end":{"line":3,"column":54}},"loc":{"start":{"line":3,"column":70},"end":{"line":23,"column":1}},"line":3}},"branchMap":{},"s":{"0":1,"1":0,"2":1,"3":1,"4":1,"5":1,"6":1,"7":1,"8":1,"9":1,"10":1},"f":{"0":0},"b":{},"_coverageSchema":"1a1c01bbd47fc00a2c39e90264f33305004495a9","hash":"21c6a2b72c51ded912132817e7941bd97b14304a"}
,"C:\\laragon\\www\\projectDashboard\\resources\\js\\react\\projects\\components\\ColorItem.jsx": {"path":"C:\\laragon\\www\\projectDashboard\\resources\\js\\react\\projects\\components\\ColorItem.jsx","statementMap":{"0":{"start":{"line":5,"column":18},"end":{"line":35,"column":1}},"1":{"start":{"line":6,"column":37},"end":{"line":6,"column":57}},"2":{"start":{"line":7,"column":32},"end":{"line":7,"column":47}},"3":{"start":{"line":9,"column":23},"end":{"line":15,"column":5}},"4":{"start":{"line":10,"column":8},"end":{"line":10,"column":31}},"5":{"start":{"line":11,"column":8},"end":{"line":11,"column":24}},"6":{"start":{"line":12,"column":8},"end":{"line":14,"column":17}},"7":{"start":{"line":13,"column":12},"end":{"line":13,"column":29}},"8":{"start":{"line":17,"column":4},"end":{"line":34,"column":6}},"9":{"start":{"line":21,"column":35},"end":{"line":21,"column":52}},"10":{"start":{"line":39,"column":0},"end":{"line":44,"column":2}}},"fnMap":{"0":{"name":"(anonymous_0)","decl":{"start":{"line":5,"column":18},"end":{"line":5,"column":19}},"loc":{"start":{"line":5,"column":77},"end":{"line":35,"column":1}},"line":5},"1":{"name":"(anonymous_1)","decl":{"start":{"line":9,"column":23},"end":{"line":9,"column":24}},"loc":{"start":{"line":9,"column":33},"end":{"line":15,"column":5}},"line":9},"2":{"name":"(anonymous_2)","decl":{"start":{"line":12,"column":19},"end":{"line":12,"column":20}},"loc":{"start":{"line":12,"column":25},"end":{"line":14,"column":9}},"line":12},"3":{"name":"(anonymous_3)","decl":{"start":{"line":21,"column":29},"end":{"line":21,"column":30}},"loc":{"start":{"line":21,"column":35},"end":{"line":21,"column":52}},"line":21}},"branchMap":{"0":{"loc":{"start":{"line":5,"column":34},"end":{"line":5,"column":51}},"type":"default-arg","locations":[{"start":{"line":5,"column":46},"end":{"line":5,"column":51}}],"line":5},"1":{"loc":{"start":{"line":5,"column":53},"end":{"line":5,"column":70}},"type":"default-arg","locations":[{"start":{"line":5,"column":66},"end":{"line":5,"column":70}}],"line":5},"2":{"loc":{"start":{"line":19,"column":13},"end":{"line":27,"column":13}},"type":"binary-expr","locations":[{"start":{"line":19,"column":13},"end":{"line":19,"column":23}},{"start":{"line":20,"column":16},"end":{"line":26,"column":25}}],"line":19},"3":{"loc":{"start":{"line":25,"column":21},"end":{"line":25,"column":80}},"type":"cond-expr","locations":[{"start":{"line":25,"column":31},"end":{"line":25,"column":36}},{"start":{"line":25,"column":39},"end":{"line":25,"column":80}}],"line":25},"4":{"loc":{"start":{"line":25,"column":39},"end":{"line":25,"column":80}},"type":"cond-expr","locations":[{"start":{"line":25,"column":53},"end":{"line":25,"column":73}},{"start":{"line":25,"column":76},"end":{"line":25,"column":80}}],"line":25},"5":{"loc":{"start":{"line":28,"column":13},"end":{"line":32,"column":13}},"type":"binary-expr","locations":[{"start":{"line":28,"column":13},"end":{"line":28,"column":22}},{"start":{"line":29,"column":16},"end":{"line":31,"column":22}}],"line":28}},"s":{"0":1,"1":16,"2":16,"3":16,"4":0,"5":0,"6":0,"7":0,"8":16,"9":0,"10":1},"f":{"0":16,"1":0,"2":0,"3":0},"b":{"0":[2],"1":[8],"2":[16,8],"3":[8,0],"4":[0,0],"5":[16,8]},"_coverageSchema":"1a1c01bbd47fc00a2c39e90264f33305004495a9","hash":"8b91e062e8b183cec8d6f1abdd19d86d2ead2ba4"}
,"C:\\laragon\\www\\projectDashboard\\resources\\js\\react\\projects\\components\\modal\\PMTaskGuidelineModal.jsx": {"path":"C:\\laragon\\www\\projectDashboard\\resources\\js\\react\\projects\\components\\modal\\PMTaskGuidelineModal.jsx","statementMap":{"0":{"start":{"line":21,"column":29},"end":{"line":647,"column":1}},"1":{"start":{"line":27,"column":4},"end":{"line":646,"column":6}},"2":{"start":{"line":249,"column":60},"end":{"line":260,"column":62}},"3":{"start":{"line":298,"column":60},"end":{"line":312,"column":62}},"4":{"start":{"line":406,"column":60},"end":{"line":422,"column":62}},"5":{"start":{"line":651,"column":0},"end":{"line":656,"column":2}}},"fnMap":{"0":{"name":"(anonymous_0)","decl":{"start":{"line":21,"column":29},"end":{"line":21,"column":30}},"loc":{"start":{"line":26,"column":6},"end":{"line":647,"column":1}},"line":26},"1":{"name":"(anonymous_1)","decl":{"start":{"line":248,"column":56},"end":{"line":248,"column":57}},"loc":{"start":{"line":248,"column":70},"end":{"line":261,"column":57}},"line":248},"2":{"name":"(anonymous_2)","decl":{"start":{"line":297,"column":56},"end":{"line":297,"column":57}},"loc":{"start":{"line":297,"column":69},"end":{"line":313,"column":57}},"line":297},"3":{"name":"(anonymous_3)","decl":{"start":{"line":405,"column":56},"end":{"line":405,"column":57}},"loc":{"start":{"line":405,"column":66},"end":{"line":423,"column":57}},"line":405}},"branchMap":{"0":{"loc":{"start":{"line":56,"column":45},"end":{"line":58,"column":54}},"type":"cond-expr","locations":[{"start":{"line":57,"column":50},"end":{"line":57,"column":55}},{"start":{"line":58,"column":50},"end":{"line":58,"column":54}}],"line":56},"1":{"loc":{"start":{"line":149,"column":45},"end":{"line":151,"column":54}},"type":"cond-expr","locations":[{"start":{"line":150,"column":50},"end":{"line":150,"column":55}},{"start":{"line":151,"column":50},"end":{"line":151,"column":54}}],"line":149},"2":{"loc":{"start":{"line":267,"column":52},"end":{"line":268,"column":78}},"type":"binary-expr","locations":[{"start":{"line":267,"column":52},"end":{"line":268,"column":57}},{"start":{"line":268,"column":61},"end":{"line":268,"column":78}}],"line":267},"3":{"loc":{"start":{"line":347,"column":45},"end":{"line":349,"column":54}},"type":"cond-expr","locations":[{"start":{"line":348,"column":50},"end":{"line":348,"column":55}},{"start":{"line":349,"column":50},"end":{"line":349,"column":54}}],"line":347},"4":{"loc":{"start":{"line":429,"column":52},"end":{"line":431,"column":77}},"type":"binary-expr","locations":[{"start":{"line":429,"column":52},"end":{"line":430,"column":70}},{"start":{"line":431,"column":52},"end":{"line":431,"column":77}}],"line":429},"5":{"loc":{"start":{"line":493,"column":45},"end":{"line":495,"column":54}},"type":"cond-expr","locations":[{"start":{"line":494,"column":50},"end":{"line":494,"column":55}},{"start":{"line":495,"column":50},"end":{"line":495,"column":54}}],"line":493}},"s":{"0":1,"1":2,"2":6,"3":6,"4":4,"5":1},"f":{"0":2,"1":6,"2":6,"3":4},"b":{"0":[2,0],"1":[2,0],"2":[2,2],"3":[2,0],"4":[2,2],"5":[2,0]},"_coverageSchema":"1a1c01bbd47fc00a2c39e90264f33305004495a9","hash":"bb85b6e5a2d63b101ab0ed32da4b1fc7e2159638"}
,"C:\\laragon\\www\\projectDashboard\\resources\\js\\react\\projects\\components\\modal\\ProjectDeadlineExtensionModal.jsx": {"path":"C:\\laragon\\www\\projectDashboard\\resources\\js\\react\\projects\\components\\modal\\ProjectDeadlineExtensionModal.jsx","statementMap":{"0":{"start":{"line":29,"column":38},"end":{"line":230,"column":1}},"1":{"start":{"line":35,"column":62},"end":{"line":39,"column":6}},"2":{"start":{"line":43,"column":8},"end":{"line":48,"column":6}},"3":{"start":{"line":49,"column":44},"end":{"line":49,"column":59}},"4":{"start":{"line":51,"column":36},"end":{"line":78,"column":5}},"5":{"start":{"line":52,"column":24},"end":{"line":52,"column":66}},"6":{"start":{"line":53,"column":8},"end":{"line":53,"column":16}},"7":{"start":{"line":54,"column":8},"end":{"line":62,"column":9}},"8":{"start":{"line":55,"column":31},"end":{"line":55,"column":79}},"9":{"start":{"line":56,"column":12},"end":{"line":60,"column":15}},"10":{"start":{"line":61,"column":12},"end":{"line":61,"column":19}},"11":{"start":{"line":63,"column":8},"end":{"line":63,"column":30}},"12":{"start":{"line":64,"column":8},"end":{"line":75,"column":9}},"13":{"start":{"line":66,"column":12},"end":{"line":71,"column":21}},"14":{"start":{"line":67,"column":16},"end":{"line":67,"column":39}},"15":{"start":{"line":68,"column":16},"end":{"line":68,"column":29}},"16":{"start":{"line":69,"column":16},"end":{"line":69,"column":83}},"17":{"start":{"line":70,"column":16},"end":{"line":70,"column":28}},"18":{"start":{"line":73,"column":12},"end":{"line":73,"column":35}},"19":{"start":{"line":74,"column":12},"end":{"line":74,"column":69}},"20":{"start":{"line":80,"column":4},"end":{"line":88,"column":78}},"21":{"start":{"line":81,"column":8},"end":{"line":87,"column":9}},"22":{"start":{"line":82,"column":31},"end":{"line":82,"column":79}},"23":{"start":{"line":83,"column":12},"end":{"line":86,"column":15}},"24":{"start":{"line":90,"column":22},"end":{"line":102,"column":5}},"25":{"start":{"line":91,"column":8},"end":{"line":95,"column":11}},"26":{"start":{"line":96,"column":8},"end":{"line":101,"column":11}},"27":{"start":{"line":104,"column":4},"end":{"line":229,"column":6}},"28":{"start":{"line":145,"column":32},"end":{"line":148,"column":35}},"29":{"start":{"line":171,"column":32},"end":{"line":174,"column":35}},"30":{"start":{"line":202,"column":24},"end":{"line":205,"column":27}},"31":{"start":{"line":234,"column":0},"end":{"line":239,"column":2}}},"fnMap":{"0":{"name":"(anonymous_0)","decl":{"start":{"line":29,"column":38},"end":{"line":29,"column":39}},"loc":{"start":{"line":34,"column":6},"end":{"line":230,"column":1}},"line":34},"1":{"name":"(anonymous_1)","decl":{"start":{"line":51,"column":36},"end":{"line":51,"column":37}},"loc":{"start":{"line":51,"column":48},"end":{"line":78,"column":5}},"line":51},"2":{"name":"(anonymous_2)","decl":{"start":{"line":66,"column":23},"end":{"line":66,"column":24}},"loc":{"start":{"line":66,"column":29},"end":{"line":71,"column":13}},"line":66},"3":{"name":"(anonymous_3)","decl":{"start":{"line":80,"column":14},"end":{"line":80,"column":15}},"loc":{"start":{"line":80,"column":20},"end":{"line":88,"column":5}},"line":80},"4":{"name":"(anonymous_4)","decl":{"start":{"line":90,"column":22},"end":{"line":90,"column":23}},"loc":{"start":{"line":90,"column":28},"end":{"line":102,"column":5}},"line":90},"5":{"name":"(anonymous_5)","decl":{"start":{"line":144,"column":38},"end":{"line":144,"column":39}},"loc":{"start":{"line":144,"column":45},"end":{"line":149,"column":29}},"line":144},"6":{"name":"(anonymous_6)","decl":{"start":{"line":170,"column":38},"end":{"line":170,"column":39}},"loc":{"start":{"line":170,"column":45},"end":{"line":175,"column":29}},"line":170},"7":{"name":"(anonymous_7)","decl":{"start":{"line":201,"column":30},"end":{"line":201,"column":31}},"loc":{"start":{"line":201,"column":37},"end":{"line":206,"column":21}},"line":201}},"branchMap":{"0":{"loc":{"start":{"line":54,"column":8},"end":{"line":62,"column":9}},"type":"if","locations":[{"start":{"line":54,"column":8},"end":{"line":62,"column":9}},{"start":{},"end":{}}],"line":54},"1":{"loc":{"start":{"line":81,"column":8},"end":{"line":87,"column":9}},"type":"if","locations":[{"start":{"line":81,"column":8},"end":{"line":87,"column":9}},{"start":{},"end":{}}],"line":81},"2":{"loc":{"start":{"line":158,"column":29},"end":{"line":159,"column":58}},"type":"binary-expr","locations":[{"start":{"line":158,"column":29},"end":{"line":158,"column":72}},{"start":{"line":159,"column":32},"end":{"line":159,"column":58}}],"line":158},"3":{"loc":{"start":{"line":184,"column":21},"end":{"line":186,"column":21}},"type":"binary-expr","locations":[{"start":{"line":184,"column":21},"end":{"line":184,"column":59}},{"start":{"line":185,"column":24},"end":{"line":185,"column":78}}],"line":184},"4":{"loc":{"start":{"line":208,"column":17},"end":{"line":210,"column":17}},"type":"binary-expr","locations":[{"start":{"line":208,"column":17},"end":{"line":208,"column":60}},{"start":{"line":209,"column":20},"end":{"line":209,"column":80}}],"line":208},"5":{"loc":{"start":{"line":217,"column":28},"end":{"line":221,"column":29}},"type":"cond-expr","locations":[{"start":{"line":218,"column":32},"end":{"line":218,"column":61}},{"start":{"line":220,"column":32},"end":{"line":220,"column":40}}],"line":217}},"s":{"0":1,"1":76,"2":76,"3":76,"4":76,"5":3,"6":3,"7":3,"8":1,"9":1,"10":1,"11":2,"12":2,"13":2,"14":2,"15":2,"16":2,"17":2,"18":0,"19":0,"20":76,"21":73,"22":1,"23":1,"24":76,"25":2,"26":2,"27":76,"28":2,"29":2,"30":62,"31":1},"f":{"0":76,"1":3,"2":2,"3":73,"4":2,"5":2,"6":2,"7":62},"b":{"0":[1,2],"1":[1,72],"2":[76,2],"3":[76,2],"4":[76,2],"5":[2,74]},"_coverageSchema":"1a1c01bbd47fc00a2c39e90264f33305004495a9","hash":"8a6cf28cd3facd268dca64e1e44e12463a011d0d"}
,"C:\\laragon\\www\\projectDashboard\\resources\\js\\react\\projects\\components\\modal\\WorkingEnvironmentModal.jsx": {"path":"C:\\laragon\\www\\projectDashboard\\resources\\js\\react\\projects\\components\\modal\\WorkingEnvironmentModal.jsx","statementMap":{"0":{"start":{"line":13,"column":32},"end":{"line":101,"column":1}},"1":{"start":{"line":19,"column":4},"end":{"line":100,"column":6}},"2":{"start":{"line":105,"column":0},"end":{"line":110,"column":2}}},"fnMap":{"0":{"name":"(anonymous_0)","decl":{"start":{"line":13,"column":32},"end":{"line":13,"column":33}},"loc":{"start":{"line":18,"column":6},"end":{"line":101,"column":1}},"line":18}},"branchMap":{},"s":{"0":1,"1":2,"2":1},"f":{"0":2},"b":{},"_coverageSchema":"1a1c01bbd47fc00a2c39e90264f33305004495a9","hash":"2e75cc57546849131353b7ba3ff89c825513b617"}
,"C:\\laragon\\www\\projectDashboard\\resources\\js\\react\\projects\\components\\ui\\CustomAntModal\\CustomAntModal.jsx": {"path":"C:\\laragon\\www\\projectDashboard\\resources\\js\\react\\projects\\components\\ui\\CustomAntModal\\CustomAntModal.jsx","statementMap":{"0":{"start":{"line":8,"column":23},"end":{"line":51,"column":1}},"1":{"start":{"line":21,"column":4},"end":{"line":50,"column":6}},"2":{"start":{"line":55,"column":0},"end":{"line":66,"column":2}}},"fnMap":{"0":{"name":"(anonymous_0)","decl":{"start":{"line":8,"column":23},"end":{"line":8,"column":24}},"loc":{"start":{"line":20,"column":6},"end":{"line":51,"column":1}},"line":20}},"branchMap":{"0":{"loc":{"start":{"line":11,"column":4},"end":{"line":11,"column":14}},"type":"default-arg","locations":[{"start":{"line":11,"column":12},"end":{"line":11,"column":14}}],"line":11},"1":{"loc":{"start":{"line":12,"column":4},"end":{"line":12,"column":22}},"type":"default-arg","locations":[{"start":{"line":12,"column":17},"end":{"line":12,"column":22}}],"line":12},"2":{"loc":{"start":{"line":17,"column":4},"end":{"line":17,"column":18}},"type":"default-arg","locations":[{"start":{"line":17,"column":12},"end":{"line":17,"column":18}}],"line":17},"3":{"loc":{"start":{"line":18,"column":4},"end":{"line":18,"column":19}},"type":"default-arg","locations":[{"start":{"line":18,"column":13},"end":{"line":18,"column":19}}],"line":18},"4":{"loc":{"start":{"line":42,"column":20},"end":{"line":44,"column":60}},"type":"cond-expr","locations":[{"start":{"line":43,"column":26},"end":{"line":43,"column":56}},{"start":{"line":44,"column":26},"end":{"line":44,"column":60}}],"line":42}},"s":{"0":3,"1":80,"2":3},"f":{"0":80},"b":{"0":[78],"1":[80],"2":[0],"3":[2],"4":[2,78]},"_coverageSchema":"1a1c01bbd47fc00a2c39e90264f33305004495a9","hash":"29f5a526ba637eeb6eb2d57bbdbb8339dbc4e444"}
,"C:\\laragon\\www\\projectDashboard\\resources\\js\\react\\projects\\components\\ui\\CustomButton\\SingleButton.jsx": {"path":"C:\\laragon\\www\\projectDashboard\\resources\\js\\react\\projects\\components\\ui\\CustomButton\\SingleButton.jsx","statementMap":{"0":{"start":{"line":5,"column":21},"end":{"line":36,"column":1}},"1":{"start":{"line":13,"column":24},"end":{"line":22,"column":5}},"2":{"start":{"line":14,"column":8},"end":{"line":21,"column":9}},"3":{"start":{"line":16,"column":16},"end":{"line":16,"column":54}},"4":{"start":{"line":18,"column":16},"end":{"line":18,"column":56}},"5":{"start":{"line":20,"column":16},"end":{"line":20,"column":54}},"6":{"start":{"line":24,"column":4},"end":{"line":35,"column":6}},"7":{"start":{"line":40,"column":0},"end":{"line":47,"column":2}}},"fnMap":{"0":{"name":"(anonymous_0)","decl":{"start":{"line":5,"column":21},"end":{"line":5,"column":22}},"loc":{"start":{"line":12,"column":6},"end":{"line":36,"column":1}},"line":12},"1":{"name":"(anonymous_1)","decl":{"start":{"line":13,"column":24},"end":{"line":13,"column":25}},"loc":{"start":{"line":13,"column":30},"end":{"line":22,"column":5}},"line":13}},"branchMap":{"0":{"loc":{"start":{"line":8,"column":4},"end":{"line":8,"column":18}},"type":"default-arg","locations":[{"start":{"line":8,"column":16},"end":{"line":8,"column":18}}],"line":8},"1":{"loc":{"start":{"line":10,"column":4},"end":{"line":10,"column":20}},"type":"default-arg","locations":[{"start":{"line":10,"column":11},"end":{"line":10,"column":20}}],"line":10},"2":{"loc":{"start":{"line":14,"column":8},"end":{"line":21,"column":9}},"type":"switch","locations":[{"start":{"line":15,"column":12},"end":{"line":16,"column":54}},{"start":{"line":17,"column":12},"end":{"line":18,"column":56}},{"start":{"line":19,"column":12},"end":{"line":20,"column":54}}],"line":14}},"s":{"0":1,"1":76,"2":76,"3":76,"4":0,"5":0,"6":76,"7":1},"f":{"0":76,"1":76},"b":{"0":[76],"1":[0],"2":[76,0,0]},"_coverageSchema":"1a1c01bbd47fc00a2c39e90264f33305004495a9","hash":"b434387bc6ddc13160c5eece3dbc2caafb9a796a"}
,"C:\\laragon\\www\\projectDashboard\\resources\\js\\react\\projects\\components\\ui\\CustomModalHeader\\CustomModalHeader.jsx": {"path":"C:\\laragon\\www\\projectDashboard\\resources\\js\\react\\projects\\components\\ui\\CustomModalHeader\\CustomModalHeader.jsx","statementMap":{"0":{"start":{"line":8,"column":26},"end":{"line":17,"column":1}},"1":{"start":{"line":9,"column":4},"end":{"line":16,"column":6}},"2":{"start":{"line":22,"column":0},"end":{"line":26,"column":1}}},"fnMap":{"0":{"name":"(anonymous_0)","decl":{"start":{"line":8,"column":26},"end":{"line":8,"column":27}},"loc":{"start":{"line":8,"column":69},"end":{"line":17,"column":1}},"line":8}},"branchMap":{"0":{"loc":{"start":{"line":8,"column":29},"end":{"line":8,"column":39}},"type":"default-arg","locations":[{"start":{"line":8,"column":37},"end":{"line":8,"column":39}}],"line":8}},"s":{"0":2,"1":78,"2":2},"f":{"0":78},"b":{"0":[0]},"_coverageSchema":"1a1c01bbd47fc00a2c39e90264f33305004495a9","hash":"a46ca1a1a18ae55278863b8f9e4d3bbd2f1c68e1"}
,"C:\\laragon\\www\\projectDashboard\\resources\\js\\react\\projects\\components\\ui\\CustomTextArea\\CustomTextArea.jsx": {"path":"C:\\laragon\\www\\projectDashboard\\resources\\js\\react\\projects\\components\\ui\\CustomTextArea\\CustomTextArea.jsx","statementMap":{"0":{"start":{"line":11,"column":23},"end":{"line":57,"column":1}},"1":{"start":{"line":27,"column":4},"end":{"line":56,"column":6}},"2":{"start":{"line":61,"column":0},"end":{"line":70,"column":2}}},"fnMap":{"0":{"name":"(anonymous_0)","decl":{"start":{"line":11,"column":23},"end":{"line":11,"column":24}},"loc":{"start":{"line":24,"column":6},"end":{"line":57,"column":1}},"line":24}},"branchMap":{"0":{"loc":{"start":{"line":17,"column":4},"end":{"line":17,"column":12}},"type":"default-arg","locations":[{"start":{"line":17,"column":11},"end":{"line":17,"column":12}}],"line":17},"1":{"loc":{"start":{"line":18,"column":4},"end":{"line":18,"column":13}},"type":"default-arg","locations":[{"start":{"line":18,"column":11},"end":{"line":18,"column":13}}],"line":18},"2":{"loc":{"start":{"line":19,"column":4},"end":{"line":19,"column":20}},"type":"default-arg","locations":[{"start":{"line":19,"column":18},"end":{"line":19,"column":20}}],"line":19},"3":{"loc":{"start":{"line":20,"column":4},"end":{"line":20,"column":22}},"type":"default-arg","locations":[{"start":{"line":20,"column":17},"end":{"line":20,"column":22}}],"line":20},"4":{"loc":{"start":{"line":21,"column":4},"end":{"line":21,"column":24}},"type":"default-arg","locations":[{"start":{"line":21,"column":19},"end":{"line":21,"column":24}}],"line":21},"5":{"loc":{"start":{"line":22,"column":4},"end":{"line":22,"column":22}},"type":"default-arg","locations":[{"start":{"line":22,"column":17},"end":{"line":22,"column":22}}],"line":22},"6":{"loc":{"start":{"line":23,"column":4},"end":{"line":23,"column":18}},"type":"default-arg","locations":[{"start":{"line":23,"column":16},"end":{"line":23,"column":18}}],"line":23},"7":{"loc":{"start":{"line":29,"column":43},"end":{"line":29,"column":69}},"type":"binary-expr","locations":[{"start":{"line":29,"column":43},"end":{"line":29,"column":53}},{"start":{"line":29,"column":57},"end":{"line":29,"column":69}}],"line":29},"8":{"loc":{"start":{"line":34,"column":28},"end":{"line":34,"column":68}},"type":"cond-expr","locations":[{"start":{"line":34,"column":41},"end":{"line":34,"column":63}},{"start":{"line":34,"column":66},"end":{"line":34,"column":68}}],"line":34},"9":{"loc":{"start":{"line":46,"column":28},"end":{"line":46,"column":68}},"type":"cond-expr","locations":[{"start":{"line":46,"column":41},"end":{"line":46,"column":63}},{"start":{"line":46,"column":66},"end":{"line":46,"column":68}}],"line":46}},"s":{"0":1,"1":76,"2":1},"f":{"0":76},"b":{"0":[0],"1":[0],"2":[76],"3":[76],"4":[0],"5":[0],"6":[0],"7":[76,76],"8":[0,76],"9":[0,76]},"_coverageSchema":"1a1c01bbd47fc00a2c39e90264f33305004495a9","hash":"e6033d9b35a627f05b99e207af9170c37f3b43b8"}
,"C:\\laragon\\www\\projectDashboard\\resources\\js\\react\\projects\\components\\ui\\styledComponents\\index.js": {"path":"C:\\laragon\\www\\projectDashboard\\resources\\js\\react\\projects\\components\\ui\\styledComponents\\index.js","statementMap":{"0":{"start":{"line":5,"column":30},"end":{"line":14,"column":1}},"1":{"start":{"line":8,"column":31},"end":{"line":8,"column":59}},"2":{"start":{"line":16,"column":32},"end":{"line":49,"column":1}},"3":{"start":{"line":19,"column":25},"end":{"line":19,"column":50}},"4":{"start":{"line":20,"column":31},"end":{"line":20,"column":74}},"5":{"start":{"line":22,"column":21},"end":{"line":22,"column":79}},"6":{"start":{"line":51,"column":39},"end":{"line":141,"column":1}},"7":{"start":{"line":54,"column":25},"end":{"line":54,"column":68}},"8":{"start":{"line":56,"column":25},"end":{"line":56,"column":50}},"9":{"start":{"line":145,"column":27},"end":{"line":254,"column":1}},"10":{"start":{"line":148,"column":31},"end":{"line":148,"column":71}},"11":{"start":{"line":150,"column":31},"end":{"line":150,"column":58}},"12":{"start":{"line":151,"column":18},"end":{"line":151,"column":34}},"13":{"start":{"line":230,"column":26},"end":{"line":230,"column":51}},"14":{"start":{"line":256,"column":25},"end":{"line":286,"column":1}},"15":{"start":{"line":263,"column":28},"end":{"line":263,"column":40}},"16":{"start":{"line":288,"column":37},"end":{"line":662,"column":1}}},"fnMap":{"0":{"name":"(anonymous_0)","decl":{"start":{"line":8,"column":22},"end":{"line":8,"column":23}},"loc":{"start":{"line":8,"column":31},"end":{"line":8,"column":59}},"line":8},"1":{"name":"(anonymous_1)","decl":{"start":{"line":19,"column":16},"end":{"line":19,"column":17}},"loc":{"start":{"line":19,"column":25},"end":{"line":19,"column":50}},"line":19},"2":{"name":"(anonymous_2)","decl":{"start":{"line":20,"column":22},"end":{"line":20,"column":23}},"loc":{"start":{"line":20,"column":31},"end":{"line":20,"column":74}},"line":20},"3":{"name":"(anonymous_3)","decl":{"start":{"line":22,"column":12},"end":{"line":22,"column":13}},"loc":{"start":{"line":22,"column":21},"end":{"line":22,"column":79}},"line":22},"4":{"name":"(anonymous_4)","decl":{"start":{"line":54,"column":16},"end":{"line":54,"column":17}},"loc":{"start":{"line":54,"column":25},"end":{"line":54,"column":68}},"line":54},"5":{"name":"(anonymous_5)","decl":{"start":{"line":56,"column":16},"end":{"line":56,"column":17}},"loc":{"start":{"line":56,"column":25},"end":{"line":56,"column":50}},"line":56},"6":{"name":"(anonymous_6)","decl":{"start":{"line":148,"column":22},"end":{"line":148,"column":23}},"loc":{"start":{"line":148,"column":31},"end":{"line":148,"column":71}},"line":148},"7":{"name":"(anonymous_7)","decl":{"start":{"line":150,"column":22},"end":{"line":150,"column":23}},"loc":{"start":{"line":150,"column":31},"end":{"line":150,"column":58}},"line":150},"8":{"name":"(anonymous_8)","decl":{"start":{"line":151,"column":9},"end":{"line":151,"column":10}},"loc":{"start":{"line":151,"column":18},"end":{"line":151,"column":34}},"line":151},"9":{"name":"(anonymous_9)","decl":{"start":{"line":230,"column":17},"end":{"line":230,"column":18}},"loc":{"start":{"line":230,"column":26},"end":{"line":230,"column":51}},"line":230},"10":{"name":"(anonymous_10)","decl":{"start":{"line":263,"column":19},"end":{"line":263,"column":20}},"loc":{"start":{"line":263,"column":28},"end":{"line":263,"column":40}},"line":263}},"branchMap":{"0":{"loc":{"start":{"line":19,"column":25},"end":{"line":19,"column":50}},"type":"binary-expr","locations":[{"start":{"line":19,"column":25},"end":{"line":19,"column":40}},{"start":{"line":19,"column":44},"end":{"line":19,"column":50}}],"line":19},"1":{"loc":{"start":{"line":20,"column":31},"end":{"line":20,"column":74}},"type":"binary-expr","locations":[{"start":{"line":20,"column":31},"end":{"line":20,"column":42}},{"start":{"line":20,"column":46},"end":{"line":20,"column":74}}],"line":20},"2":{"loc":{"start":{"line":22,"column":21},"end":{"line":22,"column":79}},"type":"binary-expr","locations":[{"start":{"line":22,"column":21},"end":{"line":22,"column":33}},{"start":{"line":22,"column":37},"end":{"line":22,"column":79}}],"line":22},"3":{"loc":{"start":{"line":54,"column":25},"end":{"line":54,"column":68}},"type":"binary-expr","locations":[{"start":{"line":54,"column":25},"end":{"line":54,"column":36}},{"start":{"line":54,"column":40},"end":{"line":54,"column":68}}],"line":54},"4":{"loc":{"start":{"line":56,"column":25},"end":{"line":56,"column":50}},"type":"binary-expr","locations":[{"start":{"line":56,"column":25},"end":{"line":56,"column":40}},{"start":{"line":56,"column":44},"end":{"line":56,"column":50}}],"line":56},"5":{"loc":{"start":{"line":148,"column":31},"end":{"line":148,"column":71}},"type":"binary-expr","locations":[{"start":{"line":148,"column":31},"end":{"line":148,"column":42}},{"start":{"line":148,"column":46},"end":{"line":148,"column":71}}],"line":148},"6":{"loc":{"start":{"line":151,"column":18},"end":{"line":151,"column":34}},"type":"binary-expr","locations":[{"start":{"line":151,"column":18},"end":{"line":151,"column":27}},{"start":{"line":151,"column":31},"end":{"line":151,"column":34}}],"line":151},"7":{"loc":{"start":{"line":230,"column":26},"end":{"line":230,"column":51}},"type":"binary-expr","locations":[{"start":{"line":230,"column":26},"end":{"line":230,"column":41}},{"start":{"line":230,"column":45},"end":{"line":230,"column":51}}],"line":230}},"s":{"0":2,"1":0,"2":2,"3":0,"4":0,"5":0,"6":2,"7":0,"8":0,"9":2,"10":0,"11":0,"12":0,"13":0,"14":2,"15":0,"16":2},"f":{"0":0,"1":0,"2":0,"3":0,"4":0,"5":0,"6":0,"7":0,"8":0,"9":0,"10":0},"b":{"0":[0,0],"1":[0,0],"2":[0,0],"3":[0,0],"4":[0,0],"5":[0,0],"6":[0,0],"7":[0,0]},"_coverageSchema":"1a1c01bbd47fc00a2c39e90264f33305004495a9","hash":"2a25318d1e308a9c8a4a0195c0266e1eb0979456"}
,"C:\\laragon\\www\\projectDashboard\\resources\\js\\react\\projects\\helper\\index.js": {"path":"C:\\laragon\\www\\projectDashboard\\resources\\js\\react\\projects\\helper\\index.js","statementMap":{"0":{"start":{"line":1,"column":19},"end":{"line":1,"column":109}},"1":{"start":{"line":4,"column":24},"end":{"line":9,"column":4}},"2":{"start":{"line":5,"column":4},"end":{"line":7,"column":5}},"3":{"start":{"line":6,"column":6},"end":{"line":6,"column":59}},"4":{"start":{"line":8,"column":4},"end":{"line":8,"column":15}},"5":{"start":{"line":10,"column":2},"end":{"line":10,"column":23}},"6":{"start":{"line":15,"column":38},"end":{"line":21,"column":1}},"7":{"start":{"line":16,"column":2},"end":{"line":20,"column":3}},"8":{"start":{"line":17,"column":4},"end":{"line":17,"column":28}},"9":{"start":{"line":19,"column":4},"end":{"line":19,"column":32}},"10":{"start":{"line":23,"column":28},"end":{"line":23,"column":60}}},"fnMap":{"0":{"name":"formatHttp","decl":{"start":{"line":3,"column":16},"end":{"line":3,"column":26}},"loc":{"start":{"line":3,"column":33},"end":{"line":11,"column":1}},"line":3},"1":{"name":"(anonymous_1)","decl":{"start":{"line":4,"column":50},"end":{"line":4,"column":51}},"loc":{"start":{"line":4,"column":59},"end":{"line":9,"column":3}},"line":4},"2":{"name":"(anonymous_2)","decl":{"start":{"line":15,"column":38},"end":{"line":15,"column":39}},"loc":{"start":{"line":15,"column":93},"end":{"line":21,"column":1}},"line":15}},"branchMap":{"0":{"loc":{"start":{"line":5,"column":4},"end":{"line":7,"column":5}},"type":"if","locations":[{"start":{"line":5,"column":4},"end":{"line":7,"column":5}},{"start":{},"end":{}}],"line":5},"1":{"loc":{"start":{"line":16,"column":2},"end":{"line":20,"column":3}},"type":"if","locations":[{"start":{"line":16,"column":2},"end":{"line":20,"column":3}},{"start":{"line":18,"column":9},"end":{"line":20,"column":3}}],"line":16}},"s":{"0":3,"1":76,"2":0,"3":0,"4":0,"5":76,"6":3,"7":44,"8":0,"9":44,"10":3},"f":{"0":76,"1":0,"2":44},"b":{"0":[0,0],"1":[0,44]},"_coverageSchema":"1a1c01bbd47fc00a2c39e90264f33305004495a9","hash":"b14f50fcda840c3cfe53b3f18b577a47ecf25539"}
,"C:\\laragon\\www\\projectDashboard\\resources\\js\\react\\utils\\stateValidation.js": {"path":"C:\\laragon\\www\\projectDashboard\\resources\\js\\react\\utils\\stateValidation.js","statementMap":{"0":{"start":{"line":1,"column":41},"end":{"line":7,"column":1}},"1":{"start":{"line":2,"column":22},"end":{"line":2,"column":24}},"2":{"start":{"line":3,"column":2},"end":{"line":5,"column":5}},"3":{"start":{"line":4,"column":4},"end":{"line":4,"column":54}},"4":{"start":{"line":6,"column":2},"end":{"line":6,"column":21}},"5":{"start":{"line":9,"column":35},"end":{"line":11,"column":1}},"6":{"start":{"line":10,"column":2},"end":{"line":10,"column":92}},"7":{"start":{"line":10,"column":60},"end":{"line":10,"column":90}},"8":{"start":{"line":22,"column":30},"end":{"line":31,"column":1}},"9":{"start":{"line":23,"column":27},"end":{"line":23,"column":64}},"10":{"start":{"line":24,"column":34},"end":{"line":24,"column":60}},"11":{"start":{"line":25,"column":2},"end":{"line":29,"column":5}},"12":{"start":{"line":26,"column":4},"end":{"line":28,"column":5}},"13":{"start":{"line":27,"column":6},"end":{"line":27,"column":43}},"14":{"start":{"line":30,"column":2},"end":{"line":30,"column":33}}},"fnMap":{"0":{"name":"(anonymous_0)","decl":{"start":{"line":1,"column":41},"end":{"line":1,"column":42}},"loc":{"start":{"line":1,"column":51},"end":{"line":7,"column":1}},"line":1},"1":{"name":"(anonymous_1)","decl":{"start":{"line":3,"column":31},"end":{"line":3,"column":32}},"loc":{"start":{"line":3,"column":49},"end":{"line":5,"column":3}},"line":3},"2":{"name":"(anonymous_2)","decl":{"start":{"line":9,"column":35},"end":{"line":9,"column":36}},"loc":{"start":{"line":9,"column":52},"end":{"line":11,"column":1}},"line":9},"3":{"name":"(anonymous_3)","decl":{"start":{"line":10,"column":42},"end":{"line":10,"column":43}},"loc":{"start":{"line":10,"column":60},"end":{"line":10,"column":90}},"line":10},"4":{"name":"(anonymous_4)","decl":{"start":{"line":22,"column":30},"end":{"line":22,"column":31}},"loc":{"start":{"line":22,"column":67},"end":{"line":31,"column":1}},"line":22},"5":{"name":"(anonymous_5)","decl":{"start":{"line":25,"column":43},"end":{"line":25,"column":44}},"loc":{"start":{"line":25,"column":61},"end":{"line":29,"column":3}},"line":25}},"branchMap":{"0":{"loc":{"start":{"line":4,"column":23},"end":{"line":4,"column":53}},"type":"binary-expr","locations":[{"start":{"line":4,"column":23},"end":{"line":4,"column":37}},{"start":{"line":4,"column":41},"end":{"line":4,"column":53}}],"line":4},"1":{"loc":{"start":{"line":10,"column":60},"end":{"line":10,"column":90}},"type":"binary-expr","locations":[{"start":{"line":10,"column":60},"end":{"line":10,"column":74}},{"start":{"line":10,"column":78},"end":{"line":10,"column":90}}],"line":10},"2":{"loc":{"start":{"line":26,"column":4},"end":{"line":28,"column":5}},"type":"if","locations":[{"start":{"line":26,"column":4},"end":{"line":28,"column":5}},{"start":{},"end":{}}],"line":26}},"s":{"0":1,"1":2,"2":2,"3":6,"4":2,"5":1,"6":3,"7":7,"8":1,"9":0,"10":0,"11":0,"12":0,"13":0,"14":0},"f":{"0":2,"1":6,"2":3,"3":7,"4":0,"5":0},"b":{"0":[6,2],"1":[7,6],"2":[0,0]},"_coverageSchema":"1a1c01bbd47fc00a2c39e90264f33305004495a9","hash":"a57befbb9ebfb276a84800bdf94d7bd1383309c2"}
}
