TN:
SF:resources\js\react\global\Loader.jsx
FN:1,(anonymous_0)
FNF:1
FNH:1
FNDA:2,(anonymous_0)
DA:1,1
DA:8,2
LF:2
LH:2
BRDA:2,0,0,0
BRDA:3,1,0,2
BRDA:4,2,0,2
BRDA:5,3,0,2
BRDA:6,4,0,2
BRF:5
BRH:4
end_of_record
TN:
SF:resources\js\react\global\Placeholder.jsx
FN:1,(anonymous_0)
FNF:1
FNH:0
FNDA:0,(anonymous_0)
DA:1,2
DA:7,0
LF:2
LH:1
BRDA:2,0,0,0
BRDA:3,1,0,0
BRDA:4,2,0,0
BRDA:5,3,0,0
BRDA:13,4,0,0
BRDA:13,4,1,0
BRF:6
BRH:0
end_of_record
TN:
SF:resources\js\react\global\Switch.jsx
FN:3,(anonymous_0)
FN:9,(anonymous_1)
FNF:2
FNH:2
FNDA:102,(anonymous_0)
FNDA:204,(anonymous_1)
DA:3,2
DA:4,102
DA:9,2
DA:10,204
DA:11,102
DA:16,2
LF:6
LH:6
BRDA:10,0,0,102
BRDA:10,0,1,102
BRF:2
BRH:2
end_of_record
TN:
SF:resources\js\react\projects\constants.js
FN:3,(anonymous_0)
FNF:1
FNH:0
FNDA:0,(anonymous_0)
DA:3,1
DA:30,1
DA:483,1
DA:650,1
DA:727,1
DA:760,1
DA:820,1
DA:839,1
DA:922,1
DA:1004,1
LF:10
LH:10
BRF:0
BRH:0
end_of_record
TN:
SF:resources\js\react\projects\components\ColorItem.jsx
FN:5,(anonymous_0)
FN:9,(anonymous_1)
FN:12,(anonymous_2)
FN:21,(anonymous_3)
FNF:4
FNH:1
FNDA:16,(anonymous_0)
FNDA:0,(anonymous_1)
FNDA:0,(anonymous_2)
FNDA:0,(anonymous_3)
DA:5,1
DA:6,16
DA:7,16
DA:9,16
DA:10,0
DA:11,0
DA:12,0
DA:13,0
DA:17,16
DA:21,0
DA:39,1
LF:11
LH:6
BRDA:5,0,0,2
BRDA:5,1,0,8
BRDA:19,2,0,16
BRDA:19,2,1,8
BRDA:25,3,0,8
BRDA:25,3,1,0
BRDA:25,4,0,0
BRDA:25,4,1,0
BRDA:28,5,0,16
BRDA:28,5,1,8
BRF:10
BRH:7
end_of_record
TN:
SF:resources\js\react\projects\components\modal\PMTaskGuidelineModal.jsx
FN:21,(anonymous_0)
FN:248,(anonymous_1)
FN:297,(anonymous_2)
FN:405,(anonymous_3)
FNF:4
FNH:4
FNDA:2,(anonymous_0)
FNDA:6,(anonymous_1)
FNDA:6,(anonymous_2)
FNDA:4,(anonymous_3)
DA:21,1
DA:27,2
DA:249,6
DA:298,6
DA:406,4
DA:651,1
LF:6
LH:6
BRDA:56,0,0,2
BRDA:56,0,1,0
BRDA:149,1,0,2
BRDA:149,1,1,0
BRDA:267,2,0,2
BRDA:267,2,1,2
BRDA:347,3,0,2
BRDA:347,3,1,0
BRDA:429,4,0,2
BRDA:429,4,1,2
BRDA:493,5,0,2
BRDA:493,5,1,0
BRF:12
BRH:8
end_of_record
TN:
SF:resources\js\react\projects\components\modal\ProjectDeadlineExtensionModal.jsx
FN:29,(anonymous_0)
FN:51,(anonymous_1)
FN:66,(anonymous_2)
FN:80,(anonymous_3)
FN:90,(anonymous_4)
FN:144,(anonymous_5)
FN:170,(anonymous_6)
FN:201,(anonymous_7)
FNF:8
FNH:8
FNDA:76,(anonymous_0)
FNDA:3,(anonymous_1)
FNDA:2,(anonymous_2)
FNDA:73,(anonymous_3)
FNDA:2,(anonymous_4)
FNDA:2,(anonymous_5)
FNDA:2,(anonymous_6)
FNDA:62,(anonymous_7)
DA:29,1
DA:35,76
DA:43,76
DA:49,76
DA:51,76
DA:52,3
DA:53,3
DA:54,3
DA:55,1
DA:56,1
DA:61,1
DA:63,2
DA:64,2
DA:66,2
DA:67,2
DA:68,2
DA:69,2
DA:70,2
DA:73,0
DA:74,0
DA:80,76
DA:81,73
DA:82,1
DA:83,1
DA:90,76
DA:91,2
DA:96,2
DA:104,76
DA:145,2
DA:171,2
DA:202,62
DA:234,1
LF:32
LH:30
BRDA:54,0,0,1
BRDA:54,0,1,2
BRDA:81,1,0,1
BRDA:81,1,1,72
BRDA:158,2,0,76
BRDA:158,2,1,2
BRDA:184,3,0,76
BRDA:184,3,1,2
BRDA:208,4,0,76
BRDA:208,4,1,2
BRDA:217,5,0,2
BRDA:217,5,1,74
BRF:12
BRH:12
end_of_record
TN:
SF:resources\js\react\projects\components\modal\WorkingEnvironmentModal.jsx
FN:13,(anonymous_0)
FNF:1
FNH:1
FNDA:2,(anonymous_0)
DA:13,1
DA:19,2
DA:105,1
LF:3
LH:3
BRF:0
BRH:0
end_of_record
TN:
SF:resources\js\react\projects\components\ui\CustomAntModal\CustomAntModal.jsx
FN:8,(anonymous_0)
FNF:1
FNH:1
FNDA:80,(anonymous_0)
DA:8,3
DA:21,80
DA:55,3
LF:3
LH:3
BRDA:11,0,0,78
BRDA:12,1,0,80
BRDA:17,2,0,0
BRDA:18,3,0,2
BRDA:42,4,0,2
BRDA:42,4,1,78
BRF:6
BRH:5
end_of_record
TN:
SF:resources\js\react\projects\components\ui\CustomButton\SingleButton.jsx
FN:5,(anonymous_0)
FN:13,(anonymous_1)
FNF:2
FNH:2
FNDA:76,(anonymous_0)
FNDA:76,(anonymous_1)
DA:5,1
DA:13,76
DA:14,76
DA:16,76
DA:18,0
DA:20,0
DA:24,76
DA:40,1
LF:8
LH:6
BRDA:8,0,0,76
BRDA:10,1,0,0
BRDA:14,2,0,76
BRDA:14,2,1,0
BRDA:14,2,2,0
BRF:5
BRH:2
end_of_record
TN:
SF:resources\js\react\projects\components\ui\CustomModalHeader\CustomModalHeader.jsx
FN:8,(anonymous_0)
FNF:1
FNH:1
FNDA:78,(anonymous_0)
DA:8,2
DA:9,78
DA:22,2
LF:3
LH:3
BRDA:8,0,0,0
BRF:1
BRH:0
end_of_record
TN:
SF:resources\js\react\projects\components\ui\CustomTextArea\CustomTextArea.jsx
FN:11,(anonymous_0)
FNF:1
FNH:1
FNDA:76,(anonymous_0)
DA:11,1
DA:27,76
DA:61,1
LF:3
LH:3
BRDA:17,0,0,0
BRDA:18,1,0,0
BRDA:19,2,0,76
BRDA:20,3,0,76
BRDA:21,4,0,0
BRDA:22,5,0,0
BRDA:23,6,0,0
BRDA:29,7,0,76
BRDA:29,7,1,76
BRDA:34,8,0,0
BRDA:34,8,1,76
BRDA:46,9,0,0
BRDA:46,9,1,76
BRF:13
BRH:6
end_of_record
TN:
SF:resources\js\react\projects\components\ui\styledComponents\index.js
FN:8,(anonymous_0)
FN:19,(anonymous_1)
FN:20,(anonymous_2)
FN:22,(anonymous_3)
FN:54,(anonymous_4)
FN:56,(anonymous_5)
FN:148,(anonymous_6)
FN:150,(anonymous_7)
FN:151,(anonymous_8)
FN:230,(anonymous_9)
FN:263,(anonymous_10)
FNF:11
FNH:0
FNDA:0,(anonymous_0)
FNDA:0,(anonymous_1)
FNDA:0,(anonymous_2)
FNDA:0,(anonymous_3)
FNDA:0,(anonymous_4)
FNDA:0,(anonymous_5)
FNDA:0,(anonymous_6)
FNDA:0,(anonymous_7)
FNDA:0,(anonymous_8)
FNDA:0,(anonymous_9)
FNDA:0,(anonymous_10)
DA:5,2
DA:8,0
DA:16,2
DA:19,0
DA:20,0
DA:22,0
DA:51,2
DA:54,0
DA:56,0
DA:145,2
DA:148,0
DA:150,0
DA:151,0
DA:230,0
DA:256,2
DA:263,0
DA:288,2
LF:17
LH:6
BRDA:19,0,0,0
BRDA:19,0,1,0
BRDA:20,1,0,0
BRDA:20,1,1,0
BRDA:22,2,0,0
BRDA:22,2,1,0
BRDA:54,3,0,0
BRDA:54,3,1,0
BRDA:56,4,0,0
BRDA:56,4,1,0
BRDA:148,5,0,0
BRDA:148,5,1,0
BRDA:151,6,0,0
BRDA:151,6,1,0
BRDA:230,7,0,0
BRDA:230,7,1,0
BRF:16
BRH:0
end_of_record
TN:
SF:resources\js\react\projects\helper\index.js
FN:3,formatHttp
FN:4,(anonymous_1)
FN:15,(anonymous_2)
FNF:3
FNH:2
FNDA:76,formatHttp
FNDA:0,(anonymous_1)
FNDA:44,(anonymous_2)
DA:1,3
DA:4,76
DA:5,0
DA:6,0
DA:8,0
DA:10,76
DA:15,3
DA:16,44
DA:17,0
DA:19,44
DA:23,3
LF:11
LH:7
BRDA:5,0,0,0
BRDA:5,0,1,0
BRDA:16,1,0,0
BRDA:16,1,1,44
BRF:4
BRH:1
end_of_record
TN:
SF:resources\js\react\utils\stateValidation.js
FN:1,(anonymous_0)
FN:3,(anonymous_1)
FN:9,(anonymous_2)
FN:10,(anonymous_3)
FN:22,(anonymous_4)
FN:25,(anonymous_5)
FNF:6
FNH:4
FNDA:2,(anonymous_0)
FNDA:6,(anonymous_1)
FNDA:3,(anonymous_2)
FNDA:7,(anonymous_3)
FNDA:0,(anonymous_4)
FNDA:0,(anonymous_5)
DA:1,1
DA:2,2
DA:3,2
DA:4,6
DA:6,2
DA:9,1
DA:10,7
DA:22,1
DA:23,0
DA:24,0
DA:25,0
DA:26,0
DA:27,0
DA:30,0
LF:14
LH:8
BRDA:4,0,0,6
BRDA:4,0,1,2
BRDA:10,1,0,7
BRDA:10,1,1,6
BRDA:26,2,0,0
BRDA:26,2,1,0
BRF:6
BRH:4
end_of_record
